build/app/intermediates/manifest_merge_blame_file/release/manifest-merger-blame-release-report.txt
1<?xml version="1.0" encoding="utf-8"?>
2<manifest xmlns:android="http://schemas.android.com/apk/res/android"
3    package="com.example.nice_children_hospital"
4    android:versionCode="1"
5    android:versionName="1.0.0" >
6
7    <uses-sdk
8        android:minSdkVersion="21"
9        android:targetSdkVersion="35" />
10    <!--
11         Required to query activities that can process text, see:
12         https://developer.android.com/training/package-visibility and
13         https://developer.android.com/reference/android/content/Intent#ACTION_PROCESS_TEXT.
14
15         In particular, this is used by the Flutter engine in io.flutter.plugin.text.ProcessTextPlugin.
16    -->
17    <queries>
17-->src\main\AndroidManifest.xml:39:5-44:15
18        <intent>
18-->src\main\AndroidManifest.xml:40:9-43:18
19            <action android:name="android.intent.action.PROCESS_TEXT" />
19-->src\main\AndroidManifest.xml:41:13-72
19-->src\main\AndroidManifest.xml:41:21-70
20
21            <data android:mimeType="text/plain" />
21-->src\main\AndroidManifest.xml:42:13-50
21-->src\main\AndroidManifest.xml:42:19-48
22        </intent>
23        <intent>
23-->[:flutter_inappwebview_android] AndroidManifest.xml:8:9-10:18
24            <action android:name="android.support.customtabs.action.CustomTabsService" />
24-->[:flutter_inappwebview_android] AndroidManifest.xml:9:13-90
24-->[:flutter_inappwebview_android] AndroidManifest.xml:9:21-87
25        </intent> <!-- Needs to be explicitly declared on Android R+ -->
26        <package android:name="com.google.android.apps.maps" />
26-->[com.google.android.gms:play-services-maps:18.2.0] AndroidManifest.xml:33:9-64
26-->[com.google.android.gms:play-services-maps:18.2.0] AndroidManifest.xml:33:18-61
27    </queries>
28    <!-- Include required permissions for Google Maps API to run. -->
29    <uses-permission android:name="android.permission.ACCESS_NETWORK_STATE" />
29-->[com.google.android.gms:play-services-maps:18.2.0] AndroidManifest.xml:23:5-79
29-->[com.google.android.gms:play-services-maps:18.2.0] AndroidManifest.xml:23:22-76
30    <uses-permission android:name="android.permission.INTERNET" />
30-->[com.google.android.gms:play-services-maps:18.2.0] AndroidManifest.xml:24:5-67
30-->[com.google.android.gms:play-services-maps:18.2.0] AndroidManifest.xml:24:22-64
31
32    <uses-feature
32-->[com.google.android.gms:play-services-maps:18.2.0] AndroidManifest.xml:26:5-28:35
33        android:glEsVersion="0x00020000"
33-->[com.google.android.gms:play-services-maps:18.2.0] AndroidManifest.xml:27:9-41
34        android:required="true" />
34-->[com.google.android.gms:play-services-maps:18.2.0] AndroidManifest.xml:28:9-32
35
36    <permission
36-->[androidx.core:core:1.13.1] AndroidManifest.xml:22:5-24:47
37        android:name="com.example.nice_children_hospital.DYNAMIC_RECEIVER_NOT_EXPORTED_PERMISSION"
37-->[androidx.core:core:1.13.1] AndroidManifest.xml:23:9-81
38        android:protectionLevel="signature" />
38-->[androidx.core:core:1.13.1] AndroidManifest.xml:24:9-44
39
40    <uses-permission android:name="com.example.nice_children_hospital.DYNAMIC_RECEIVER_NOT_EXPORTED_PERMISSION" />
40-->[androidx.core:core:1.13.1] AndroidManifest.xml:26:5-97
40-->[androidx.core:core:1.13.1] AndroidManifest.xml:26:22-94
41
42    <application
43        android:name="android.app.Application"
43-->src\main\AndroidManifest.xml:4:9-42
44        android:appComponentFactory="androidx.core.app.CoreComponentFactory"
44-->[androidx.core:core:1.13.1] AndroidManifest.xml:28:18-86
45        android:extractNativeLibs="true"
46        android:icon="@mipmap/ic_launcher"
46-->src\main\AndroidManifest.xml:5:9-43
47        android:label="nice_children_hospital" >
47-->src\main\AndroidManifest.xml:3:9-47
48        <activity
48-->src\main\AndroidManifest.xml:6:9-27:20
49            android:name="com.example.nice_children_hospital.MainActivity"
49-->src\main\AndroidManifest.xml:7:13-41
50            android:configChanges="orientation|keyboardHidden|keyboard|screenSize|smallestScreenSize|locale|layoutDirection|fontScale|screenLayout|density|uiMode"
50-->src\main\AndroidManifest.xml:12:13-163
51            android:exported="true"
51-->src\main\AndroidManifest.xml:8:13-36
52            android:hardwareAccelerated="true"
52-->src\main\AndroidManifest.xml:13:13-47
53            android:launchMode="singleTop"
53-->src\main\AndroidManifest.xml:9:13-43
54            android:taskAffinity=""
54-->src\main\AndroidManifest.xml:10:13-36
55            android:theme="@style/LaunchTheme"
55-->src\main\AndroidManifest.xml:11:13-47
56            android:windowSoftInputMode="adjustResize" >
56-->src\main\AndroidManifest.xml:14:13-55
57
58            <!--
59                 Specifies an Android theme to apply to this Activity as soon as
60                 the Android process has started. This theme is visible to the user
61                 while the Flutter UI initializes. After that, this theme continues
62                 to determine the Window background behind the Flutter UI.
63            -->
64            <meta-data
64-->src\main\AndroidManifest.xml:19:13-22:17
65                android:name="io.flutter.embedding.android.NormalTheme"
65-->src\main\AndroidManifest.xml:20:15-70
66                android:resource="@style/NormalTheme" />
66-->src\main\AndroidManifest.xml:21:15-52
67
68            <intent-filter>
68-->src\main\AndroidManifest.xml:23:13-26:29
69                <action android:name="android.intent.action.MAIN" />
69-->src\main\AndroidManifest.xml:24:17-68
69-->src\main\AndroidManifest.xml:24:25-66
70
71                <category android:name="android.intent.category.LAUNCHER" />
71-->src\main\AndroidManifest.xml:25:17-76
71-->src\main\AndroidManifest.xml:25:27-74
72            </intent-filter>
73        </activity>
74        <!--
75             Don't delete the meta-data below.
76             This is used by the Flutter tool to generate GeneratedPluginRegistrant.java
77        -->
78        <meta-data
78-->src\main\AndroidManifest.xml:30:9-32:33
79            android:name="flutterEmbedding"
79-->src\main\AndroidManifest.xml:31:13-44
80            android:value="2" />
80-->src\main\AndroidManifest.xml:32:13-30
81
82        <activity
82-->[:flutter_inappwebview_android] AndroidManifest.xml:14:9-18:47
83            android:name="com.pichillilorenzo.flutter_inappwebview_android.in_app_browser.InAppBrowserActivity"
83-->[:flutter_inappwebview_android] AndroidManifest.xml:15:13-112
84            android:configChanges="orientation|keyboardHidden|keyboard|screenSize|locale|layoutDirection|fontScale|screenLayout|density"
84-->[:flutter_inappwebview_android] AndroidManifest.xml:16:13-137
85            android:exported="false"
85-->[:flutter_inappwebview_android] AndroidManifest.xml:17:13-37
86            android:theme="@style/AppTheme" />
86-->[:flutter_inappwebview_android] AndroidManifest.xml:18:13-44
87        <activity
87-->[:flutter_inappwebview_android] AndroidManifest.xml:19:9-22:55
88            android:name="com.pichillilorenzo.flutter_inappwebview_android.chrome_custom_tabs.ChromeCustomTabsActivity"
88-->[:flutter_inappwebview_android] AndroidManifest.xml:20:13-120
89            android:exported="false"
89-->[:flutter_inappwebview_android] AndroidManifest.xml:21:13-37
90            android:theme="@style/ThemeTransparent" />
90-->[:flutter_inappwebview_android] AndroidManifest.xml:22:13-52
91        <activity
91-->[:flutter_inappwebview_android] AndroidManifest.xml:23:9-26:55
92            android:name="com.pichillilorenzo.flutter_inappwebview_android.chrome_custom_tabs.TrustedWebActivity"
92-->[:flutter_inappwebview_android] AndroidManifest.xml:24:13-114
93            android:exported="false"
93-->[:flutter_inappwebview_android] AndroidManifest.xml:25:13-37
94            android:theme="@style/ThemeTransparent" />
94-->[:flutter_inappwebview_android] AndroidManifest.xml:26:13-52
95        <activity
95-->[:flutter_inappwebview_android] AndroidManifest.xml:27:9-31:55
96            android:name="com.pichillilorenzo.flutter_inappwebview_android.chrome_custom_tabs.ChromeCustomTabsActivitySingleInstance"
96-->[:flutter_inappwebview_android] AndroidManifest.xml:28:13-134
97            android:exported="false"
97-->[:flutter_inappwebview_android] AndroidManifest.xml:29:13-37
98            android:launchMode="singleInstance"
98-->[:flutter_inappwebview_android] AndroidManifest.xml:30:13-48
99            android:theme="@style/ThemeTransparent" />
99-->[:flutter_inappwebview_android] AndroidManifest.xml:31:13-52
100        <activity
100-->[:flutter_inappwebview_android] AndroidManifest.xml:32:9-36:55
101            android:name="com.pichillilorenzo.flutter_inappwebview_android.chrome_custom_tabs.TrustedWebActivitySingleInstance"
101-->[:flutter_inappwebview_android] AndroidManifest.xml:33:13-128
102            android:exported="false"
102-->[:flutter_inappwebview_android] AndroidManifest.xml:34:13-37
103            android:launchMode="singleInstance"
103-->[:flutter_inappwebview_android] AndroidManifest.xml:35:13-48
104            android:theme="@style/ThemeTransparent" />
104-->[:flutter_inappwebview_android] AndroidManifest.xml:36:13-52
105
106        <receiver
106-->[:flutter_inappwebview_android] AndroidManifest.xml:38:9-41:40
107            android:name="com.pichillilorenzo.flutter_inappwebview_android.chrome_custom_tabs.ActionBroadcastReceiver"
107-->[:flutter_inappwebview_android] AndroidManifest.xml:39:13-119
108            android:enabled="true"
108-->[:flutter_inappwebview_android] AndroidManifest.xml:40:13-35
109            android:exported="false" />
109-->[:flutter_inappwebview_android] AndroidManifest.xml:41:13-37
110
111        <meta-data
111-->[:flutter_inappwebview_android] AndroidManifest.xml:43:9-45:36
112            android:name="io.flutter.embedded_views_preview"
112-->[:flutter_inappwebview_android] AndroidManifest.xml:44:13-61
113            android:value="true" />
113-->[:flutter_inappwebview_android] AndroidManifest.xml:45:13-33
114
115        <activity
115-->[:url_launcher_android] AndroidManifest.xml:8:9-11:74
116            android:name="io.flutter.plugins.urllauncher.WebViewActivity"
116-->[:url_launcher_android] AndroidManifest.xml:9:13-74
117            android:exported="false"
117-->[:url_launcher_android] AndroidManifest.xml:10:13-37
118            android:theme="@android:style/Theme.NoTitleBar.Fullscreen" />
118-->[:url_launcher_android] AndroidManifest.xml:11:13-71
119
120        <provider
120-->[androidx.emoji2:emoji2:1.2.0] AndroidManifest.xml:24:9-32:20
121            android:name="androidx.startup.InitializationProvider"
121-->[androidx.emoji2:emoji2:1.2.0] AndroidManifest.xml:25:13-67
122            android:authorities="com.example.nice_children_hospital.androidx-startup"
122-->[androidx.emoji2:emoji2:1.2.0] AndroidManifest.xml:26:13-68
123            android:exported="false" >
123-->[androidx.emoji2:emoji2:1.2.0] AndroidManifest.xml:27:13-37
124            <meta-data
124-->[androidx.emoji2:emoji2:1.2.0] AndroidManifest.xml:29:13-31:52
125                android:name="androidx.emoji2.text.EmojiCompatInitializer"
125-->[androidx.emoji2:emoji2:1.2.0] AndroidManifest.xml:30:17-75
126                android:value="androidx.startup" />
126-->[androidx.emoji2:emoji2:1.2.0] AndroidManifest.xml:31:17-49
127            <meta-data
127-->[androidx.lifecycle:lifecycle-process:2.7.0] AndroidManifest.xml:29:13-31:52
128                android:name="androidx.lifecycle.ProcessLifecycleInitializer"
128-->[androidx.lifecycle:lifecycle-process:2.7.0] AndroidManifest.xml:30:17-78
129                android:value="androidx.startup" />
129-->[androidx.lifecycle:lifecycle-process:2.7.0] AndroidManifest.xml:31:17-49
130            <meta-data
130-->[androidx.profileinstaller:profileinstaller:1.3.1] AndroidManifest.xml:29:13-31:52
131                android:name="androidx.profileinstaller.ProfileInstallerInitializer"
131-->[androidx.profileinstaller:profileinstaller:1.3.1] AndroidManifest.xml:30:17-85
132                android:value="androidx.startup" />
132-->[androidx.profileinstaller:profileinstaller:1.3.1] AndroidManifest.xml:31:17-49
133        </provider>
134
135        <uses-library
135-->[androidx.window:window:1.2.0] AndroidManifest.xml:23:9-25:40
136            android:name="androidx.window.extensions"
136-->[androidx.window:window:1.2.0] AndroidManifest.xml:24:13-54
137            android:required="false" />
137-->[androidx.window:window:1.2.0] AndroidManifest.xml:25:13-37
138        <uses-library
138-->[androidx.window:window:1.2.0] AndroidManifest.xml:26:9-28:40
139            android:name="androidx.window.sidecar"
139-->[androidx.window:window:1.2.0] AndroidManifest.xml:27:13-51
140            android:required="false" /> <!-- Needs to be explicitly declared on P+ -->
140-->[androidx.window:window:1.2.0] AndroidManifest.xml:28:13-37
141        <uses-library
141-->[com.google.android.gms:play-services-maps:18.2.0] AndroidManifest.xml:39:9-41:40
142            android:name="org.apache.http.legacy"
142-->[com.google.android.gms:play-services-maps:18.2.0] AndroidManifest.xml:40:13-50
143            android:required="false" />
143-->[com.google.android.gms:play-services-maps:18.2.0] AndroidManifest.xml:41:13-37
144
145        <activity
145-->[com.google.android.gms:play-services-base:18.0.1] AndroidManifest.xml:20:9-22:45
146            android:name="com.google.android.gms.common.api.GoogleApiActivity"
146-->[com.google.android.gms:play-services-base:18.0.1] AndroidManifest.xml:20:19-85
147            android:exported="false"
147-->[com.google.android.gms:play-services-base:18.0.1] AndroidManifest.xml:22:19-43
148            android:theme="@android:style/Theme.Translucent.NoTitleBar" />
148-->[com.google.android.gms:play-services-base:18.0.1] AndroidManifest.xml:21:19-78
149
150        <meta-data
150-->[com.google.android.gms:play-services-basement:18.0.0] AndroidManifest.xml:21:9-23:69
151            android:name="com.google.android.gms.version"
151-->[com.google.android.gms:play-services-basement:18.0.0] AndroidManifest.xml:22:13-58
152            android:value="@integer/google_play_services_version" />
152-->[com.google.android.gms:play-services-basement:18.0.0] AndroidManifest.xml:23:13-66
153
154        <receiver
154-->[androidx.profileinstaller:profileinstaller:1.3.1] AndroidManifest.xml:34:9-52:20
155            android:name="androidx.profileinstaller.ProfileInstallReceiver"
155-->[androidx.profileinstaller:profileinstaller:1.3.1] AndroidManifest.xml:35:13-76
156            android:directBootAware="false"
156-->[androidx.profileinstaller:profileinstaller:1.3.1] AndroidManifest.xml:36:13-44
157            android:enabled="true"
157-->[androidx.profileinstaller:profileinstaller:1.3.1] AndroidManifest.xml:37:13-35
158            android:exported="true"
158-->[androidx.profileinstaller:profileinstaller:1.3.1] AndroidManifest.xml:38:13-36
159            android:permission="android.permission.DUMP" >
159-->[androidx.profileinstaller:profileinstaller:1.3.1] AndroidManifest.xml:39:13-57
160            <intent-filter>
160-->[androidx.profileinstaller:profileinstaller:1.3.1] AndroidManifest.xml:40:13-42:29
161                <action android:name="androidx.profileinstaller.action.INSTALL_PROFILE" />
161-->[androidx.profileinstaller:profileinstaller:1.3.1] AndroidManifest.xml:41:17-91
161-->[androidx.profileinstaller:profileinstaller:1.3.1] AndroidManifest.xml:41:25-88
162            </intent-filter>
163            <intent-filter>
163-->[androidx.profileinstaller:profileinstaller:1.3.1] AndroidManifest.xml:43:13-45:29
164                <action android:name="androidx.profileinstaller.action.SKIP_FILE" />
164-->[androidx.profileinstaller:profileinstaller:1.3.1] AndroidManifest.xml:44:17-85
164-->[androidx.profileinstaller:profileinstaller:1.3.1] AndroidManifest.xml:44:25-82
165            </intent-filter>
166            <intent-filter>
166-->[androidx.profileinstaller:profileinstaller:1.3.1] AndroidManifest.xml:46:13-48:29
167                <action android:name="androidx.profileinstaller.action.SAVE_PROFILE" />
167-->[androidx.profileinstaller:profileinstaller:1.3.1] AndroidManifest.xml:47:17-88
167-->[androidx.profileinstaller:profileinstaller:1.3.1] AndroidManifest.xml:47:25-85
168            </intent-filter>
169            <intent-filter>
169-->[androidx.profileinstaller:profileinstaller:1.3.1] AndroidManifest.xml:49:13-51:29
170                <action android:name="androidx.profileinstaller.action.BENCHMARK_OPERATION" />
170-->[androidx.profileinstaller:profileinstaller:1.3.1] AndroidManifest.xml:50:17-95
170-->[androidx.profileinstaller:profileinstaller:1.3.1] AndroidManifest.xml:50:25-92
171            </intent-filter>
172        </receiver>
173    </application>
174
175</manifest>